<?xml version="1.0" encoding="UTF-8"?>
<testsuite xmlns:xsi="http://www.w3.org/2001/XMLSchema-instance" xsi:noNamespaceSchemaLocation="https://maven.apache.org/surefire/maven-surefire-plugin/xsd/surefire-test-report.xsd" name="com.unoplat.codeunderstanding.AppTest" time="0.013" tests="1" errors="0" skipped="0" failures="0">
  <properties>
    <property name="java.specification.version" value="17"/>
    <property name="sun.jnu.encoding" value="UTF-8"/>
    <property name="java.class.path" value="/Users/jayghiya/Documents/unoplat/unoplat-codebase-understanding/target/test-classes:/Users/jayghiya/Documents/unoplat/unoplat-codebase-understanding/target/classes:/Users/jayghiya/.m2/repository/junit/junit/4.11/junit-4.11.jar:/Users/jayghiya/.m2/repository/org/hamcrest/hamcrest-core/1.3/hamcrest-core-1.3.jar:/Users/jayghiya/.m2/repository/com/phodal/chapi/chapi-ast-java/2.2.2/chapi-ast-java-2.2.2.jar:/Users/jayghiya/.m2/repository/org/antlr/antlr4/4.13.1/antlr4-4.13.1.jar:/Users/jayghiya/.m2/repository/org/antlr/antlr-runtime/3.5.3/antlr-runtime-3.5.3.jar:/Users/jayghiya/.m2/repository/org/antlr/ST4/4.3.4/ST4-4.3.4.jar:/Users/jayghiya/.m2/repository/org/abego/treelayout/org.abego.treelayout.core/1.0.3/org.abego.treelayout.core-1.0.3.jar:/Users/jayghiya/.m2/repository/com/ibm/icu/icu4j/72.1/icu4j-72.1.jar:/Users/jayghiya/.m2/repository/org/jetbrains/kotlinx/kotlinx-serialization-json-jvm/1.3.2/kotlinx-serialization-json-jvm-1.3.2.jar:/Users/jayghiya/.m2/repository/org/jetbrains/kotlin/kotlin-stdlib/1.6.10/kotlin-stdlib-1.6.10.jar:/Users/jayghiya/.m2/repository/org/jetbrains/annotations/13.0/annotations-13.0.jar:/Users/jayghiya/.m2/repository/org/jetbrains/kotlin/kotlin-stdlib-common/1.6.10/kotlin-stdlib-common-1.6.10.jar:/Users/jayghiya/.m2/repository/org/jetbrains/kotlinx/kotlinx-serialization-core-jvm/1.3.2/kotlinx-serialization-core-jvm-1.3.2.jar:/Users/jayghiya/.m2/repository/org/jetbrains/kotlin/kotlin-stdlib-jdk8/1.6.10/kotlin-stdlib-jdk8-1.6.10.jar:/Users/jayghiya/.m2/repository/org/jetbrains/kotlin/kotlin-stdlib-jdk7/1.6.10/kotlin-stdlib-jdk7-1.6.10.jar:/Users/jayghiya/.m2/repository/org/jetbrains/kotlin/kotlin-reflect/1.6.10/kotlin-reflect-1.6.10.jar:/Users/jayghiya/.m2/repository/org/antlr/antlr4-runtime/4.13.1/antlr4-runtime-4.13.1.jar:/Users/jayghiya/.m2/repository/com/phodal/chapi/chapi-domain/2.2.2/chapi-domain-2.2.2.jar:"/>
    <property name="java.vm.vendor" value="Amazon.com Inc."/>
    <property name="sun.arch.data.model" value="64"/>
    <property name="java.vendor.url" value="https://aws.amazon.com/corretto/"/>
    <property name="os.name" value="Mac OS X"/>
    <property name="java.vm.specification.version" value="17"/>
    <property name="sun.java.launcher" value="SUN_STANDARD"/>
    <property name="user.country" value="IN"/>
    <property name="sun.boot.library.path" value="/Users/jayghiya/.sdkman/candidates/java/17.0.8-amzn/lib"/>
    <property name="sun.java.command" value="/Users/jayghiya/Documents/unoplat/unoplat-codebase-understanding/target/surefire/surefirebooter11700080494550524522.jar /Users/jayghiya/Documents/unoplat/unoplat-codebase-understanding/target/surefire 2024-04-03T22-39-38_073-jvmRun1 surefire2866360118949536682tmp surefire_02666366325393362491tmp"/>
    <property name="http.nonProxyHosts" value="local|*.local|169.254/16|*.169.254/16"/>
    <property name="jdk.debug" value="release"/>
    <property name="surefire.test.class.path" value="/Users/jayghiya/Documents/unoplat/unoplat-codebase-understanding/target/test-classes:/Users/jayghiya/Documents/unoplat/unoplat-codebase-understanding/target/classes:/Users/jayghiya/.m2/repository/junit/junit/4.11/junit-4.11.jar:/Users/jayghiya/.m2/repository/org/hamcrest/hamcrest-core/1.3/hamcrest-core-1.3.jar:/Users/jayghiya/.m2/repository/com/phodal/chapi/chapi-ast-java/2.2.2/chapi-ast-java-2.2.2.jar:/Users/jayghiya/.m2/repository/org/antlr/antlr4/4.13.1/antlr4-4.13.1.jar:/Users/jayghiya/.m2/repository/org/antlr/antlr-runtime/3.5.3/antlr-runtime-3.5.3.jar:/Users/jayghiya/.m2/repository/org/antlr/ST4/4.3.4/ST4-4.3.4.jar:/Users/jayghiya/.m2/repository/org/abego/treelayout/org.abego.treelayout.core/1.0.3/org.abego.treelayout.core-1.0.3.jar:/Users/jayghiya/.m2/repository/com/ibm/icu/icu4j/72.1/icu4j-72.1.jar:/Users/jayghiya/.m2/repository/org/jetbrains/kotlinx/kotlinx-serialization-json-jvm/1.3.2/kotlinx-serialization-json-jvm-1.3.2.jar:/Users/jayghiya/.m2/repository/org/jetbrains/kotlin/kotlin-stdlib/1.6.10/kotlin-stdlib-1.6.10.jar:/Users/jayghiya/.m2/repository/org/jetbrains/annotations/13.0/annotations-13.0.jar:/Users/jayghiya/.m2/repository/org/jetbrains/kotlin/kotlin-stdlib-common/1.6.10/kotlin-stdlib-common-1.6.10.jar:/Users/jayghiya/.m2/repository/org/jetbrains/kotlinx/kotlinx-serialization-core-jvm/1.3.2/kotlinx-serialization-core-jvm-1.3.2.jar:/Users/jayghiya/.m2/repository/org/jetbrains/kotlin/kotlin-stdlib-jdk8/1.6.10/kotlin-stdlib-jdk8-1.6.10.jar:/Users/jayghiya/.m2/repository/org/jetbrains/kotlin/kotlin-stdlib-jdk7/1.6.10/kotlin-stdlib-jdk7-1.6.10.jar:/Users/jayghiya/.m2/repository/org/jetbrains/kotlin/kotlin-reflect/1.6.10/kotlin-reflect-1.6.10.jar:/Users/jayghiya/.m2/repository/org/antlr/antlr4-runtime/4.13.1/antlr4-runtime-4.13.1.jar:/Users/jayghiya/.m2/repository/com/phodal/chapi/chapi-domain/2.2.2/chapi-domain-2.2.2.jar:"/>
    <property name="sun.cpu.endian" value="little"/>
    <property name="user.home" value="/Users/jayghiya"/>
    <property name="user.language" value="en"/>
    <property name="java.specification.vendor" value="Oracle Corporation"/>
    <property name="java.version.date" value="2023-07-18"/>
    <property name="java.home" value="/Users/jayghiya/.sdkman/candidates/java/17.0.8-amzn"/>
    <property name="file.separator" value="/"/>
    <property name="basedir" value="/Users/jayghiya/Documents/unoplat/unoplat-codebase-understanding"/>
    <property name="java.vm.compressedOopsMode" value="Zero based"/>
    <property name="line.separator" value="&#10;"/>
    <property name="java.specification.name" value="Java Platform API Specification"/>
    <property name="java.vm.specification.vendor" value="Oracle Corporation"/>
    <property name="surefire.real.class.path" value="/Users/jayghiya/Documents/unoplat/unoplat-codebase-understanding/target/surefire/surefirebooter11700080494550524522.jar"/>
    <property name="sun.management.compiler" value="HotSpot 64-Bit Tiered Compilers"/>
    <property name="ftp.nonProxyHosts" value="local|*.local|169.254/16|*.169.254/16"/>
    <property name="java.runtime.version" value="17.0.8+7-LTS"/>
    <property name="user.name" value="jayghiya"/>
    <property name="path.separator" value=":"/>
    <property name="os.version" value="14.4.1"/>
    <property name="java.runtime.name" value="OpenJDK Runtime Environment"/>
    <property name="file.encoding" value="UTF-8"/>
    <property name="java.vm.name" value="OpenJDK 64-Bit Server VM"/>
    <property name="java.vendor.version" value="Corretto-17.0.8.7.1"/>
    <property name="localRepository" value="/Users/jayghiya/.m2/repository"/>
    <property name="java.vendor.url.bug" value="https://github.com/corretto/corretto-17/issues/"/>
    <property name="java.io.tmpdir" value="/var/folders/fb/3vmtdfvj66x2q8wl15p4ny780000gn/T/"/>
    <property name="java.version" value="17.0.8"/>
    <property name="user.dir" value="/Users/jayghiya/Documents/unoplat/unoplat-codebase-understanding"/>
    <property name="os.arch" value="aarch64"/>
    <property name="java.vm.specification.name" value="Java Virtual Machine Specification"/>
    <property name="native.encoding" value="UTF-8"/>
    <property name="java.library.path" value="/Users/jayghiya/Library/Java/Extensions:/Library/Java/Extensions:/Network/Library/Java/Extensions:/System/Library/Java/Extensions:/usr/lib/java:."/>
    <property name="java.vm.info" value="mixed mode, sharing"/>
    <property name="java.vendor" value="Amazon.com Inc."/>
    <property name="java.vm.version" value="17.0.8+7-LTS"/>
    <property name="sun.io.unicode.encoding" value="UnicodeBig"/>
    <property name="socksNonProxyHosts" value="local|*.local|169.254/16|*.169.254/16"/>
    <property name="java.class.version" value="61.0"/>
  </properties>
  <testcase name="shouldAnswerWithTrue" classname="com.unoplat.codeunderstanding.AppTest" time="0.001"/>
</testsuite>